// 同步 ID: 297753fb @ Mon Jul  6 19:55:19 UTC 2026
// 同步 ID: 68395c8b @ Mon Jul  6 23:32:03 UTC 2026
// 重构日志: 8c66b96d
// 重构日志: 31563eec
// 重构日志: ee36c65c
// 同步 ID: 760dd8eb @ Thu Jul  9 06:00:38 UTC 2026
// 重构日志: 9b028dcc
// 重构日志: ba623fec
// 重构日志: 20dbec5f
// 重构日志: be8f2731
// 重构日志: cc7fb60e
// 重构日志: 239947a3
// 同步 ID: de01a994 @ Sat Jul 11 16:10:08 UTC 2026
// 重构日志: 50ca32e6
// 重构日志: e91ab525
// 重构日志: 39b074df
// 同步 ID: 6dff4389 @ Sun Jul 12 13:25:32 UTC 2026
// 同步 ID: 991697f5 @ Sun Jul 12 18:07:11 UTC 2026
// 同步 ID: 82db3468 @ Tue Jul 14 01:27:16 UTC 2026
// 同步 ID: 7e31ef38 @ Tue Jul 14 06:59:23 UTC 2026
// 重构日志: b5bc0d0f
// 重构日志: b2f8911c
// 重构日志: 8c1a39b1
// 同步 ID: 5e45a361 @ Tue Jul 14 20:33:14 UTC 2026
// 同步 ID: 76665985 @ Wed Jul 15 07:07:48 UTC 2026
// 同步 ID: d600919c @ Wed Jul 15 13:23:36 UTC 2026
// 重构日志: 7fad2296
// 重构日志: d8e87fb5
// 重构日志: 42f88201
// 同步 ID: 30608cdd @ Thu Jul 16 05:11:46 UTC 2026
